<?xml version="1.0" encoding="UTF-8"?>
<!-- Generated by org.testng.reporters.JUnitXMLReporter -->
<testsuite hostname="DESKTOP-IBD602Q" name="IETest" tests="5" failures="0" timestamp="5 Aug 2019 02:19:34 GMT" time="213.397" errors="0">
  <testcase name="@BeforeTest OpenBrowser" time="0.0" classname="demo.crossBrowserTesting">
    <failure type="org.openqa.selenium.WebDriverException" message="Failed to navigate to https:\www.facebook.com. This usually means that a call to the COM method IWebBrowser2::Navigate2() failed.
Build info: version: &amp;apos;3.141.59&amp;apos;, revision: &amp;apos;e82be7d358&amp;apos;, time: &amp;apos;2018-11-14T08:25:53&amp;apos;
System info: host: &amp;apos;DESKTOP-IBD602Q&amp;apos;, ip: &amp;apos;192.168.197.1&amp;apos;, os.name: &amp;apos;Windows 10&amp;apos;, os.arch: &amp;apos;x86&amp;apos;, os.version: &amp;apos;10.0&amp;apos;, java.version: &amp;apos;1.8.0_211&amp;apos;
Driver info: org.openqa.selenium.ie.InternetExplorerDriver
Capabilities {acceptInsecureCerts: false, browserName: internet explorer, browserVersion: 11, javascriptEnabled: true, pageLoadStrategy: normal, platform: WINDOWS, platformName: WINDOWS, proxy: Proxy(), se:ieOptions: {browserAttachTimeout: 0, elementScrollBehavior: 0, enablePersistentHover: true, ie.browserCommandLineSwitches: , ie.ensureCleanSession: false, ie.fileUploadDialogTimeout: 3000, ie.forceCreateProcessApi: false, ignoreProtectedModeSettings: false, ignoreZoomSetting: false, initialBrowserUrl: http://localhost:36620/, nativeEvents: true, requireWindowFocus: false}, setWindowRect: true, timeouts: {implicit: 0, pageLoad: 300000, script: 30000}}
Session ID: fd349295-5421-4433-9505-d7de0246e215">
      <![CDATA[org.openqa.selenium.WebDriverException: Failed to navigate to https:\www.facebook.com. This usually means that a call to the COM method IWebBrowser2::Navigate2() failed.
Build info: version: '3.141.59', revision: 'e82be7d358', time: '2018-11-14T08:25:53'
System info: host: 'DESKTOP-IBD602Q', ip: '192.168.197.1', os.name: 'Windows 10', os.arch: 'x86', os.version: '10.0', java.version: '1.8.0_211'
Driver info: org.openqa.selenium.ie.InternetExplorerDriver
Capabilities {acceptInsecureCerts: false, browserName: internet explorer, browserVersion: 11, javascriptEnabled: true, pageLoadStrategy: normal, platform: WINDOWS, platformName: WINDOWS, proxy: Proxy(), se:ieOptions: {browserAttachTimeout: 0, elementScrollBehavior: 0, enablePersistentHover: true, ie.browserCommandLineSwitches: , ie.ensureCleanSession: false, ie.fileUploadDialogTimeout: 3000, ie.forceCreateProcessApi: false, ignoreProtectedModeSettings: false, ignoreZoomSetting: false, initialBrowserUrl: http://localhost:36620/, nativeEvents: true, requireWindowFocus: false}, setWindowRect: true, timeouts: {implicit: 0, pageLoad: 300000, script: 30000}}
Session ID: fd349295-5421-4433-9505-d7de0246e215
	at org.openqa.selenium.remote.http.W3CHttpResponseCodec.createException(W3CHttpResponseCodec.java:187)
	at org.openqa.selenium.remote.http.W3CHttpResponseCodec.decode(W3CHttpResponseCodec.java:122)
	at org.openqa.selenium.remote.http.W3CHttpResponseCodec.decode(W3CHttpResponseCodec.java:49)
	at org.openqa.selenium.remote.HttpCommandExecutor.execute(HttpCommandExecutor.java:158)
	at org.openqa.selenium.remote.service.DriverCommandExecutor.execute(DriverCommandExecutor.java:83)
	at org.openqa.selenium.remote.RemoteWebDriver.execute(RemoteWebDriver.java:552)
	at org.openqa.selenium.remote.RemoteWebDriver.get(RemoteWebDriver.java:277)
	at demo.crossBrowserTesting.OpenBrowser(crossBrowserTesting.java:38)
... Removed 27 stack frames]]>
    </failure>
  </testcase> <!-- @BeforeTest OpenBrowser -->
  <testcase name="@AfterTest CloseBrowser" time="0.0" classname="demo.crossBrowserTesting">
    <skipped/>
  </testcase> <!-- @AfterTest CloseBrowser -->
  <testcase name="verifyTitle" time="0.004" classname="demo.crossBrowserTesting">
    <skipped/>
  </testcase> <!-- verifyTitle -->
  <testcase name="verifyText1" time="0.005" classname="demo.crossBrowserTesting">
    <skipped/>
  </testcase> <!-- verifyText1 -->
  <testcase name="verifyText2" time="0.007" classname="demo.crossBrowserTesting">
    <skipped/>
  </testcase> <!-- verifyText2 -->
  <testcase name="verifyText3" time="0.004" classname="demo.crossBrowserTesting">
    <skipped/>
  </testcase> <!-- verifyText3 -->
  <testcase name="varifyRadioButton" time="0.003" classname="demo.crossBrowserTesting">
    <skipped/>
  </testcase> <!-- varifyRadioButton -->
</testsuite> <!-- IETest -->
